-------------------------------------------------------------------------------
Test set: SearchCoolNumbersTest
-------------------------------------------------------------------------------
Tests run: 8, Failures: 4, Errors: 0, Skipped: 0, Time elapsed: 0.002 s <<< FAILURE! - in SearchCoolNumbersTest
treeSetSearchFound  Time elapsed: 0 s  <<< FAILURE!
org.opentest4j.AssertionFailedError: Номер есть в списке, но не найден методом поиска по TreeSet ==> expected: <true> but was: <false>
	at SearchCoolNumbersTest.treeSetSearchFound(SearchCoolNumbersTest.java:91)

bruteForceSearchFound  Time elapsed: 0 s  <<< FAILURE!
org.opentest4j.AssertionFailedError: Номер есть в списке, но не найден методом прямого перебора ==> expected: <true> but was: <false>
	at SearchCoolNumbersTest.bruteForceSearchFound(SearchCoolNumbersTest.java:36)

binarySearchFound  Time elapsed: 0 s  <<< FAILURE!
org.opentest4j.AssertionFailedError: Номер есть в списке, но не найден методом бинарного поиска ==> expected: <true> but was: <false>
	at SearchCoolNumbersTest.binarySearchFound(SearchCoolNumbersTest.java:55)

hashSetSearchFound  Time elapsed: 0 s  <<< FAILURE!
org.opentest4j.AssertionFailedError: Номер есть в списке, но не найден методом поиска по HashSet ==> expected: <true> but was: <false>
	at SearchCoolNumbersTest.hashSetSearchFound(SearchCoolNumbersTest.java:74)

