<?xml version="1.0" encoding="UTF-8"?>
<testsuite xmlns:xsi="http://www.w3.org/2001/XMLSchema-instance" xsi:noNamespaceSchemaLocation="https://maven.apache.org/surefire/maven-surefire-plugin/xsd/surefire-test-report.xsd" name="SearchCoolNumbersTest" time="0.002" tests="8" errors="0" skipped="0" failures="4">
  <properties>
[...]
</properties>
  <testcase name="treeSetSearchFound" classname="SearchCoolNumbersTest" time="0">
    <failure message="Номер есть в списке, но не найден методом поиска по TreeSet ==&gt; expected: &lt;true&gt; but was: &lt;false&gt;" type="org.opentest4j.AssertionFailedError"><![CDATA[org.opentest4j.AssertionFailedError: Номер есть в списке, но не найден методом поиска по TreeSet ==> expected: <true> but was: <false>
	at SearchCoolNumbersTest.treeSetSearchFound(SearchCoolNumbersTest.java:91)
]]></failure>
  </testcase>
  <testcase name="binarySearchNotFound" classname="SearchCoolNumbersTest" time="0"/>
  <testcase name="bruteForceSearchFound" classname="SearchCoolNumbersTest" time="0">
    <failure message="Номер есть в списке, но не найден методом прямого перебора ==&gt; expected: &lt;true&gt; but was: &lt;false&gt;" type="org.opentest4j.AssertionFailedError"><![CDATA[org.opentest4j.AssertionFailedError: Номер есть в списке, но не найден методом прямого перебора ==> expected: <true> but was: <false>
	at SearchCoolNumbersTest.bruteForceSearchFound(SearchCoolNumbersTest.java:36)
]]></failure>
  </testcase>
  <testcase name="hashSetSearchNotFound" classname="SearchCoolNumbersTest" time="0"/>
  <testcase name="binarySearchFound" classname="SearchCoolNumbersTest" time="0">
    <failure message="Номер есть в списке, но не найден методом бинарного поиска ==&gt; expected: &lt;true&gt; but was: &lt;false&gt;" type="org.opentest4j.AssertionFailedError"><![CDATA[org.opentest4j.AssertionFailedError: Номер есть в списке, но не найден методом бинарного поиска ==> expected: <true> but was: <false>
	at SearchCoolNumbersTest.binarySearchFound(SearchCoolNumbersTest.java:55)
]]></failure>
  </testcase>
  <testcase name="bruteForceSearchNotFound" classname="SearchCoolNumbersTest" time="0"/>
  <testcase name="treeSetSearchNotFound" classname="SearchCoolNumbersTest" time="0"/>
  <testcase name="hashSetSearchFound" classname="SearchCoolNumbersTest" time="0">
    <failure message="Номер есть в списке, но не найден методом поиска по HashSet ==&gt; expected: &lt;true&gt; but was: &lt;false&gt;" type="org.opentest4j.AssertionFailedError"><![CDATA[org.opentest4j.AssertionFailedError: Номер есть в списке, но не найден методом поиска по HashSet ==> expected: <true> but was: <false>
	at SearchCoolNumbersTest.hashSetSearchFound(SearchCoolNumbersTest.java:74)
]]></failure>
  </testcase>
</testsuite>