<?xml version="1.0" encoding="UTF-8" ?>
<testsuite tests="6" failures="0" name="RouteCalculatorTest" time="0.016" errors="0" skipped="0">
  <properties>
[...]
</properties>
  <testcase classname="RouteCalculatorTest" name="testGetRouteWithOneConnection" time="0.012"/>
  <testcase classname="RouteCalculatorTest" name="testCalculateDuration" time="0"/>
  <testcase classname="RouteCalculatorTest" name="testGetShortestRoute" time="0"/>
  <testcase classname="RouteCalculatorTest" name="testGetRouteViaConnectedLine" time="0.001"/>
  <testcase classname="RouteCalculatorTest" name="testGetRouteOnTheLine" time="0.002"/>
  <testcase classname="RouteCalculatorTest" name="testGetRouteWithTwoConnections" time="0.001"/>
</testsuite>